[debug] [2022-06-09T01:04:20.350Z] ----------------------------------------------------------------------
[debug] [2022-06-09T01:04:20.353Z] Command:       C:\Program Files\nodejs\node.exe C:\Users\Bitan\AppData\Roaming\npm\node_modules\firebase-tools\lib\bin\firebase.js init
[debug] [2022-06-09T01:04:20.354Z] CLI Version:   11.0.1
[debug] [2022-06-09T01:04:20.354Z] Platform:      win32
[debug] [2022-06-09T01:04:20.354Z] Node Version:  v16.15.1
[debug] [2022-06-09T01:04:20.355Z] Time:          Thu Jun 09 2022 06:34:20 GMT+0530 (India Standard Time)
[debug] [2022-06-09T01:04:20.356Z] ----------------------------------------------------------------------
[debug] 
[debug] [2022-06-09T01:04:20.369Z] > command requires scopes: ["email","openid","https://www.googleapis.com/auth/cloudplatformprojects.readonly","https://www.googleapis.com/auth/firebase","https://www.googleapis.com/auth/cloud-platform"]
[debug] [2022-06-09T01:04:20.369Z] > authorizing via signed-in user (bhcoolesthacker@gmail.com)
[info] 
     ######## #### ########  ######## ########     ###     ######  ########
     ##        ##  ##     ## ##       ##     ##  ##   ##  ##       ##
     ######    ##  ########  ######   ########  #########  ######  ######
     ##        ##  ##    ##  ##       ##     ## ##     ##       ## ##
     ##       #### ##     ## ######## ########  ##     ##  ######  ########

You're about to initialize a Firebase project in this directory:

  C:\Users\Bitan\Desktop\itw\itw\atwapp\templates\itw

[info] 
=== Project Setup
[info] 
[info] First, let's associate this project directory with a Firebase project.
[info] You can create multiple project aliases by running firebase use --add, 
[info] but for now we'll just set up a default project.
[info] 
[info] i  If you want to create a project in a Google Cloud organization or folder, please use "firebase projects:create" instead, and return to this command when you've created the project. 
[debug] [2022-06-09T01:05:41.685Z] > refreshing access token with scopes: []
[debug] [2022-06-09T01:05:41.686Z] >>> HTTP REQUEST POST https://www.googleapis.com/oauth2/v3/token  
 <request body omitted>
[debug] [2022-06-09T01:05:42.505Z] <<< HTTP RESPONSE 200 {"date":"Thu, 09 Jun 2022 06:35:42 GMT","cache-control":"no-cache, no-store, max-age=0, must-revalidate","pragma":"no-cache","expires":"Mon, 01 Jan 1990 00:00:00 GMT","content-type":"application/json; charset=utf-8","vary":"X-Origin, Referer, Origin,Accept-Encoding","server":"scaffolding on HTTPServer2","x-xss-protection":"0","x-frame-options":"SAMEORIGIN","x-content-type-options":"nosniff","alt-svc":"h3=\":443\"; ma=2592000,h3-29=\":443\"; ma=2592000,h3-Q050=\":443\"; ma=2592000,h3-Q046=\":443\"; ma=2592000,h3-Q043=\":443\"; ma=2592000,quic=\":443\"; ma=2592000; v=\"46,43\"","accept-ranges":"none","transfer-encoding":"chunked"}
[debug] [2022-06-09T01:05:42.611Z] >>> [apiv2][query] POST https://cloudresourcemanager.googleapis.com/v1/projects [none]
[debug] [2022-06-09T01:05:42.612Z] >>> [apiv2][body] POST https://cloudresourcemanager.googleapis.com/v1/projects {"projectId":"iteEmpAD","name":"iemp"}
[debug] [2022-06-09T01:05:44.632Z] <<< [apiv2][status] POST https://cloudresourcemanager.googleapis.com/v1/projects 400
[debug] [2022-06-09T01:05:44.632Z] <<< [apiv2][body] POST https://cloudresourcemanager.googleapis.com/v1/projects {"error":{"code":400,"message":"field [project_id] has issue [project_id contains invalid characters]","status":"INVALID_ARGUMENT","details":[{"@type":"type.googleapis.com/google.rpc.BadRequest","fieldViolations":[{"field":"project_id","description":"project_id contains invalid characters"}]},{"@type":"type.googleapis.com/google.rpc.Help","links":[{"url":"https://cloud.google.com/resource-manager/reference/rest/v1/projects"}]}]}}
[debug] [2022-06-09T01:05:45.078Z] FirebaseError: HTTP Error: 400, field [project_id] has issue [project_id contains invalid characters]
    at module.exports (C:\Users\Bitan\AppData\Roaming\npm\node_modules\firebase-tools\lib\responseToError.js:47:12)
    at RetryOperation._fn (C:\Users\Bitan\AppData\Roaming\npm\node_modules\firebase-tools\lib\apiv2.js:286:39)
    at processTicksAndRejections (node:internal/process/task_queues:96:5)
[error] 
[error] Error: Failed to create project. See firebase-debug.log for more info.
[debug] [2022-06-09T01:05:57.726Z] ----------------------------------------------------------------------
[debug] [2022-06-09T01:05:57.730Z] Command:       C:\Program Files\nodejs\node.exe C:\Users\Bitan\AppData\Roaming\npm\node_modules\firebase-tools\lib\bin\firebase.js init
[debug] [2022-06-09T01:05:57.731Z] CLI Version:   11.0.1
[debug] [2022-06-09T01:05:57.731Z] Platform:      win32
[debug] [2022-06-09T01:05:57.731Z] Node Version:  v16.15.1
[debug] [2022-06-09T01:05:57.732Z] Time:          Thu Jun 09 2022 06:35:57 GMT+0530 (India Standard Time)
[debug] [2022-06-09T01:05:57.732Z] ----------------------------------------------------------------------
[debug] 
[debug] [2022-06-09T01:05:57.745Z] > command requires scopes: ["email","openid","https://www.googleapis.com/auth/cloudplatformprojects.readonly","https://www.googleapis.com/auth/firebase","https://www.googleapis.com/auth/cloud-platform"]
[debug] [2022-06-09T01:05:57.745Z] > authorizing via signed-in user (bhcoolesthacker@gmail.com)
[info] 
     ######## #### ########  ######## ########     ###     ######  ########
     ##        ##  ##     ## ##       ##     ##  ##   ##  ##       ##
     ######    ##  ########  ######   ########  #########  ######  ######
     ##        ##  ##    ##  ##       ##     ## ##     ##       ## ##
     ##       #### ##     ## ######## ########  ##     ##  ######  ########

You're about to initialize a Firebase project in this directory:

  C:\Users\Bitan\Desktop\itw\itw\atwapp\templates\itw

[debug] [2022-06-09T01:11:56.438Z] Error: kill ENOSYS
    at process.kill (node:internal/process/per_thread:220:13)
    at process.listener (C:\Users\Bitan\AppData\Roaming\npm\node_modules\firebase-tools\node_modules\signal-exit\index.js:95:15)
    at process.emit (node:events:527:28)
[error] 
[error] Error: An unexpected error has occurred.
